<?xml version="1.0" encoding="UTF-8" ?>
<testsuite failures="0" time="0.355" errors="0" skipped="0" tests="5" name="org.calrissian.blobstore.impl.AccumuloBlobStoreTest">
  <properties>
[...]
</properties>
  <testcase time="0.217" classname="org.calrissian.blobstore.impl.AccumuloBlobStoreTest" name="testPut_PersistsSingleSequenceItem"/>
  <testcase time="0.004" classname="org.calrissian.blobstore.impl.AccumuloBlobStoreTest" name="testPut_PersistsMultipleSequenceItem"/>
  <testcase time="0.079" classname="org.calrissian.blobstore.impl.AccumuloBlobStoreTest" name="testGet_SingleSequenceItem"/>
  <testcase time="0.018" classname="org.calrissian.blobstore.impl.AccumuloBlobStoreTest" name="testGet_MultipleSequenceItems"/>
  <testcase time="0.004" classname="org.calrissian.blobstore.impl.AccumuloBlobStoreTest" name="testGet_WithHeaders"/>
</testsuite>